FastAPI: INFO:     Will watch for changes in these directories: ['/Users/228496/Desktop/all_projects/nsflow']
FastAPI: INFO:     Uvicorn running on http://localhost:8000 (Press CTRL+C to quit)
FastAPI: INFO:     Started reloader process [750] using StatReload
FastAPI: INFO:     Started server process [752]
FastAPI: INFO:     Waiting for application startup.
FastAPI: 2025-02-03 06:30:27,661 - INFO - FastAPI is starting up...
FastAPI: INFO:     Application startup complete.
FastAPI: INFO:     ('127.0.0.1', 50874) - "WebSocket /api/v1/ws/logs" [accepted]
FastAPI: 2025-02-03 06:30:29,197 - INFO - FastAPI: New log client connected
FastAPI: 2025-02-03 06:30:29,197 - INFO - Broadcasting log: {'timestamp': '2025-02-03 14:30:29', 'message': 'New log client connected', 'source': 'FastAPI'}
FastAPI: INFO:     connection open
FastAPI: INFO:     connection closed
FastAPI: INFO:     ('127.0.0.1', 50876) - "WebSocket /api/v1/ws/logs" [accepted]
FastAPI: 2025-02-03 06:30:29,211 - INFO - FastAPI: New log client connected
FastAPI: 2025-02-03 06:30:29,211 - INFO - Broadcasting log: {'timestamp': '2025-02-03 14:30:29', 'message': 'New log client connected', 'source': 'FastAPI'}
FastAPI: INFO:     connection open
FastAPI: 2025-02-03 06:30:30,845 - INFO - file_path: /Users/228496/Desktop/all_projects/nsflow/registries/airline_policy.hocon
FastAPI: INFO:     ('127.0.0.1', 50880) - "WebSocket /api/v1/ws/chat/airline_policy" [accepted]
FastAPI: 2025-02-03 06:30:30,848 - INFO - FastAPI: Chat client Address(host='127.0.0.1', port=50880) connected to agent: airline_policy
FastAPI: 2025-02-03 06:30:30,848 - INFO - Broadcasting log: {'timestamp': '2025-02-03 14:30:30', 'message': "Chat client Address(host='127.0.0.1', port=50880) connected to agent: airline_policy", 'source': 'FastAPI'}
FastAPI: 2025-02-03 06:30:30,848 - INFO - Using default StaticTokenServiceAccessor
FastAPI: INFO:     connection open
FastAPI: 2025-02-03 06:30:36,736 - INFO - FastAPI: User input: Hi
FastAPI: 2025-02-03 06:30:36,736 - INFO - Broadcasting log: {'timestamp': '2025-02-03 14:30:36', 'message': 'User input: Hi', 'source': 'FastAPI'}
FastAPI: 2025-02-03 06:30:36,738 - INFO - Connecting to Agent Server on localhost:30011 ...
FastAPI: 2025-02-03 06:30:36,743 - INFO - Connected to Agent Server on localhost:30011.
FastAPI: 2025-02-03 06:30:36,946 - INFO - Connecting to Agent Server on localhost:30011 ...
FastAPI: 2025-02-03 06:30:36,947 - INFO - Connected to Agent Server on localhost:30011.
FastAPI: 2025-02-03 06:30:37,153 - INFO - Neuro-SAN: setting up chat agent(s)...
FastAPI: 2025-02-03 06:30:37,153 - INFO - Broadcasting log: {'timestamp': '2025-02-03 14:30:37', 'message': 'setting up chat agent(s)...', 'source': 'Neuro-SAN'}
FastAPI: 2025-02-03 06:30:37,153 - INFO - Neuro-SAN: consulting chat agent(s)...
FastAPI: 2025-02-03 06:30:37,153 - INFO - Broadcasting log: {'timestamp': '2025-02-03 14:30:37', 'message': 'consulting chat agent(s)...', 'source': 'Neuro-SAN'}
FastAPI: 2025-02-03 06:30:38,154 - INFO - Connecting to Agent Server on localhost:30011 ...
FastAPI: 2025-02-03 06:30:38,157 - INFO - Connected to Agent Server on localhost:30011.
FastAPI: 2025-02-03 06:30:54,927 - INFO - FastAPI: User input: can you help me with lost baggage
FastAPI: 2025-02-03 06:30:54,927 - INFO - Broadcasting log: {'timestamp': '2025-02-03 14:30:54', 'message': 'User input: can you help me with lost baggage', 'source': 'FastAPI'}
FastAPI: 2025-02-03 06:30:54,928 - INFO - Connecting to Agent Server on localhost:30011 ...
FastAPI: 2025-02-03 06:30:54,930 - INFO - Connected to Agent Server on localhost:30011.
FastAPI: 2025-02-03 06:30:55,137 - INFO - Connecting to Agent Server on localhost:30011 ...
FastAPI: 2025-02-03 06:30:55,138 - INFO - Connected to Agent Server on localhost:30011.
FastAPI: 2025-02-03 06:30:55,341 - INFO - Neuro-SAN: setting up chat agent(s)...
FastAPI: 2025-02-03 06:30:55,341 - INFO - Broadcasting log: {'timestamp': '2025-02-03 14:30:55', 'message': 'setting up chat agent(s)...', 'source': 'Neuro-SAN'}
FastAPI: 2025-02-03 06:30:55,342 - INFO - Neuro-SAN: consulting chat agent(s)...
FastAPI: 2025-02-03 06:30:55,342 - INFO - Broadcasting log: {'timestamp': '2025-02-03 14:30:55', 'message': 'consulting chat agent(s)...', 'source': 'Neuro-SAN'}
FastAPI: 2025-02-03 06:30:55,342 - INFO - Neuro-SAN: consulting chat agent(s)...
FastAPI: 2025-02-03 06:30:55,342 - INFO - Broadcasting log: {'timestamp': '2025-02-03 14:30:55', 'message': 'consulting chat agent(s)...', 'source': 'Neuro-SAN'}
FastAPI: 2025-02-03 06:30:56,343 - INFO - Connecting to Agent Server on localhost:30011 ...
FastAPI: 2025-02-03 06:30:56,344 - INFO - Connected to Agent Server on localhost:30011.
FastAPI: 2025-02-03 06:30:56,546 - INFO - Neuro-SAN: setting up Baggage_Handling assistant...
FastAPI: 2025-02-03 06:30:56,547 - INFO - Broadcasting log: {'timestamp': '2025-02-03 14:30:56', 'message': 'setting up Baggage_Handling assistant...', 'source': 'Neuro-SAN'}
FastAPI: 2025-02-03 06:30:56,547 - INFO - Neuro-SAN: BAGGAGE_HANDLING CALLED>>> The inquiry is "can you help me with lost baggage".
FastAPI: The mode is "determine_responsibility".
FastAPI: 2025-02-03 06:30:56,547 - INFO - Broadcasting log: {'timestamp': '2025-02-03 14:30:56', 'message': 'BAGGAGE_HANDLING CALLED>>> The inquiry is "can you help me with lost baggage".\nThe mode is "determine_responsibility".', 'source': 'Neuro-SAN'}
FastAPI: 2025-02-03 06:30:56,547 - INFO - Neuro-SAN: This may take awhile...
FastAPI: 2025-02-03 06:30:56,547 - INFO - Broadcasting log: {'timestamp': '2025-02-03 14:30:56', 'message': 'This may take awhile...', 'source': 'Neuro-SAN'}
FastAPI: 2025-02-03 06:30:57,548 - INFO - Connecting to Agent Server on localhost:30011 ...
FastAPI: 2025-02-03 06:30:57,550 - INFO - Connected to Agent Server on localhost:30011.
FastAPI: 2025-02-03 06:30:58,754 - INFO - Connecting to Agent Server on localhost:30011 ...
FastAPI: 2025-02-03 06:30:58,756 - INFO - Connected to Agent Server on localhost:30011.
FastAPI: 2025-02-03 06:30:59,960 - INFO - Connecting to Agent Server on localhost:30011 ...
FastAPI: 2025-02-03 06:30:59,962 - INFO - Connected to Agent Server on localhost:30011.
FastAPI: 2025-02-03 06:31:01,170 - INFO - Connecting to Agent Server on localhost:30011 ...
FastAPI: 2025-02-03 06:31:01,173 - INFO - Connected to Agent Server on localhost:30011.
FastAPI: 2025-02-03 06:31:02,380 - INFO - Connecting to Agent Server on localhost:30011 ...
FastAPI: 2025-02-03 06:31:02,382 - INFO - Connected to Agent Server on localhost:30011.
FastAPI: 2025-02-03 06:31:02,585 - INFO - Neuro-SAN: setting up Carry_On_Baggage assistant...
FastAPI: 2025-02-03 06:31:02,585 - INFO - Broadcasting log: {'timestamp': '2025-02-03 14:31:02', 'message': 'setting up Carry_On_Baggage assistant...', 'source': 'Neuro-SAN'}
FastAPI: 2025-02-03 06:31:02,585 - INFO - Neuro-SAN: CARRY_ON_BAGGAGE CALLED>>> The inquiry is "can you help me with lost baggage".
FastAPI: The mode is "determine_responsibility".
FastAPI: 2025-02-03 06:31:02,585 - INFO - Broadcasting log: {'timestamp': '2025-02-03 14:31:02', 'message': 'CARRY_ON_BAGGAGE CALLED>>> The inquiry is "can you help me with lost baggage".\nThe mode is "determine_responsibility".', 'source': 'Neuro-SAN'}
FastAPI: 2025-02-03 06:31:02,585 - INFO - Neuro-SAN: This may take awhile...
FastAPI: 2025-02-03 06:31:02,586 - INFO - Broadcasting log: {'timestamp': '2025-02-03 14:31:02', 'message': 'This may take awhile...', 'source': 'Neuro-SAN'}
FastAPI: 2025-02-03 06:31:02,586 - INFO - Neuro-SAN: setting up Checked_Baggage assistant...
FastAPI: 2025-02-03 06:31:02,586 - INFO - Broadcasting log: {'timestamp': '2025-02-03 14:31:02', 'message': 'setting up Checked_Baggage assistant...', 'source': 'Neuro-SAN'}
FastAPI: 2025-02-03 06:31:02,586 - INFO - Neuro-SAN: CHECKED_BAGGAGE CALLED>>> The inquiry is "can you help me with lost baggage".
FastAPI: The mode is "determine_responsibility".
FastAPI: 2025-02-03 06:31:02,586 - INFO - Broadcasting log: {'timestamp': '2025-02-03 14:31:02', 'message': 'CHECKED_BAGGAGE CALLED>>> The inquiry is "can you help me with lost baggage".\nThe mode is "determine_responsibility".', 'source': 'Neuro-SAN'}
FastAPI: 2025-02-03 06:31:02,586 - INFO - Neuro-SAN: This may take awhile...
FastAPI: 2025-02-03 06:31:02,586 - INFO - Broadcasting log: {'timestamp': '2025-02-03 14:31:02', 'message': 'This may take awhile...', 'source': 'Neuro-SAN'}
FastAPI: 2025-02-03 06:31:02,586 - INFO - Neuro-SAN: setting up Bag_Issues assistant...
FastAPI: 2025-02-03 06:31:02,586 - INFO - Broadcasting log: {'timestamp': '2025-02-03 14:31:02', 'message': 'setting up Bag_Issues assistant...', 'source': 'Neuro-SAN'}
FastAPI: 2025-02-03 06:31:02,586 - INFO - Neuro-SAN: BAG_ISSUES CALLED>>> The inquiry is "can you help me with lost baggage".
FastAPI: The mode is "determine_responsibility".
FastAPI: 2025-02-03 06:31:02,586 - INFO - Broadcasting log: {'timestamp': '2025-02-03 14:31:02', 'message': 'BAG_ISSUES CALLED>>> The inquiry is "can you help me with lost baggage".\nThe mode is "determine_responsibility".', 'source': 'Neuro-SAN'}
FastAPI: 2025-02-03 06:31:02,586 - INFO - Neuro-SAN: This may take awhile...
FastAPI: 2025-02-03 06:31:02,586 - INFO - Broadcasting log: {'timestamp': '2025-02-03 14:31:02', 'message': 'This may take awhile...', 'source': 'Neuro-SAN'}
FastAPI: 2025-02-03 06:31:02,586 - INFO - Neuro-SAN: setting up Special_Items assistant...
FastAPI: 2025-02-03 06:31:02,586 - INFO - Broadcasting log: {'timestamp': '2025-02-03 14:31:02', 'message': 'setting up Special_Items assistant...', 'source': 'Neuro-SAN'}
FastAPI: 2025-02-03 06:31:02,586 - INFO - Neuro-SAN: SPECIAL_ITEMS CALLED>>> The inquiry is "can you help me with lost baggage".
FastAPI: The mode is "determine_responsibility".
FastAPI: 2025-02-03 06:31:02,586 - INFO - Broadcasting log: {'timestamp': '2025-02-03 14:31:02', 'message': 'SPECIAL_ITEMS CALLED>>> The inquiry is "can you help me with lost baggage".\nThe mode is "determine_responsibility".', 'source': 'Neuro-SAN'}
FastAPI: 2025-02-03 06:31:02,586 - INFO - Neuro-SAN: This may take awhile...
FastAPI: 2025-02-03 06:31:02,586 - INFO - Broadcasting log: {'timestamp': '2025-02-03 14:31:02', 'message': 'This may take awhile...', 'source': 'Neuro-SAN'}
FastAPI: 2025-02-03 06:31:02,586 - INFO - Neuro-SAN: setting up Bag_Fee_Calculator assistant...
FastAPI: 2025-02-03 06:31:02,586 - INFO - Broadcasting log: {'timestamp': '2025-02-03 14:31:02', 'message': 'setting up Bag_Fee_Calculator assistant...', 'source': 'Neuro-SAN'}
FastAPI: 2025-02-03 06:31:02,586 - INFO - Neuro-SAN: BAG_FEE_CALCULATOR CALLED>>> The inquiry is "can you help me with lost baggage".
FastAPI: The mode is "determine_responsibility".
FastAPI: 2025-02-03 06:31:02,586 - INFO - Broadcasting log: {'timestamp': '2025-02-03 14:31:02', 'message': 'BAG_FEE_CALCULATOR CALLED>>> The inquiry is "can you help me with lost baggage".\nThe mode is "determine_responsibility".', 'source': 'Neuro-SAN'}
FastAPI: 2025-02-03 06:31:02,586 - INFO - Neuro-SAN: This may take awhile...
FastAPI: 2025-02-03 06:31:02,586 - INFO - Broadcasting log: {'timestamp': '2025-02-03 14:31:02', 'message': 'This may take awhile...', 'source': 'Neuro-SAN'}
FastAPI: 2025-02-03 06:31:03,587 - INFO - Connecting to Agent Server on localhost:30011 ...
FastAPI: 2025-02-03 06:31:03,589 - INFO - Connected to Agent Server on localhost:30011.
FastAPI: 2025-02-03 06:31:03,795 - INFO - Neuro-SAN: SPECIAL_ITEMS RETURNED>>> [{"role": "system", "content": "\n\n            You are in charge of a portion of the help desk of an airline company.\n            Only answer inquiries that are directly within your area of expertise, \n            from the company's perspective.\n            Do not try to help for personal matters.\n            Do not mention what you can NOT do. Only mention what you can do.\n            \nThe name of this app is `Special Items`.\nYou will help passengers with special baggage concerns.\nYou wll help in providing guidance on fees, allowances, and packaging for transporting sports equipment \nper policy requirements. You will help in advising passengers on carrying musical instruments, \nensuring alignment with storage, weight, and size guidelines.\nRead the necessary files from this app's directory to answer the user query.\nProvide the user with URLs such as Special Items.\n            The inquiry is \"can you help me with lost baggage\".\nThe mode is \"determine_responsibility\"."}, {"role": "user", "content": "Explain if you can respond to all or parts of the inquiry and what you need in order to respond, if anything."}, {"role": "assistant", "content": "I can only assist with inquiries related to special baggage concerns, such as sports equipment and musical instruments. For the inquiry about lost baggage, I am not equipped to provide assistance."}]
FastAPI: 2025-02-03 06:31:03,795 - INFO - Broadcasting log: {'timestamp': '2025-02-03 14:31:03', 'message': 'SPECIAL_ITEMS RETURNED>>> [{"role": "system", "content": "\\n\\n            You are in charge of a portion of the help desk of an airline company.\\n            Only answer inquiries that are directly within your area of expertise, \\n            from the company\'s perspective.\\n            Do not try to help for personal matters.\\n            Do not mention what you can NOT do. Only mention what you can do.\\n            \\nThe name of this app is `Special Items`.\\nYou will help passengers with special baggage concerns.\\nYou wll help in providing guidance on fees, allowances, and packaging for transporting sports equipment \\nper policy requirements. You will help in advising passengers on carrying musical instruments, \\nensuring alignment with storage, weight, and size guidelines.\\nRead the necessary files from this app\'s directory to answer the user query.\\nProvide the user with URLs such as Special Items.\\n            The inquiry is \\"can you help me with lost baggage\\".\\nThe mode is \\"determine_responsibility\\"."}, {"role": "user", "content": "Explain if you can respond to all or parts of the inquiry and what you need in order to respond, if anything."}, {"role": "assistant", "content": "I can only assist with inquiries related to special baggage concerns, such as sports equipment and musical instruments. For the inquiry about lost baggage, I am not equipped to provide assistance."}]', 'source': 'Neuro-SAN'}
FastAPI: 2025-02-03 06:31:04,797 - INFO - Connecting to Agent Server on localhost:30011 ...
FastAPI: 2025-02-03 06:31:04,798 - INFO - Connected to Agent Server on localhost:30011.
FastAPI: 2025-02-03 06:31:06,004 - INFO - Connecting to Agent Server on localhost:30011 ...
FastAPI: 2025-02-03 06:31:06,006 - INFO - Connected to Agent Server on localhost:30011.
FastAPI: 2025-02-03 06:31:06,211 - INFO - Neuro-SAN: CHECKED_BAGGAGE RETURNED>>> [{"role": "system", "content": "\n\n            You are in charge of a portion of the help desk of an airline company.\n            Only answer inquiries that are directly within your area of expertise, \n            from the company's perspective.\n            Do not try to help for personal matters.\n            Do not mention what you can NOT do. Only mention what you can do.\n            \nThe name of this app is `Checked Baggage`.\nYou will help to ensure passengers' checked baggage complies with size, weight, and security regulations. \nAdvise on prohibited items, assist with gate-checking for oversized items, and provide premium \nmember-specific benefits, such as priority boarding allowances.\nRead the necessary files from this app's directory to answer the user query.\nProvide the user with a url to the app page 'Checked Baggage'.\n            The inquiry is \"can you help me with lost baggage\".\nThe mode is \"determine_responsibility\"."}, {"role": "user", "content": "Explain if you can respond to all or parts of the inquiry and what you need in order to respond, if anything."}, {"role": "assistant", "content": "I can assist with inquiries related to checked baggage compliance, such as size, weight, security regulations, prohibited items, and gate-checking for oversized items. However, handling lost baggage is not within the scope of the 'Checked Baggage' app. For issues related to lost baggage, passengers would typically need to contact the airline's customer service or baggage claim department directly. If you need assistance with checked baggage regulations or related topics, please let me know!"}]
FastAPI: 2025-02-03 06:31:06,211 - INFO - Broadcasting log: {'timestamp': '2025-02-03 14:31:06', 'message': 'CHECKED_BAGGAGE RETURNED>>> [{"role": "system", "content": "\\n\\n            You are in charge of a portion of the help desk of an airline company.\\n            Only answer inquiries that are directly within your area of expertise, \\n            from the company\'s perspective.\\n            Do not try to help for personal matters.\\n            Do not mention what you can NOT do. Only mention what you can do.\\n            \\nThe name of this app is `Checked Baggage`.\\nYou will help to ensure passengers\' checked baggage complies with size, weight, and security regulations. \\nAdvise on prohibited items, assist with gate-checking for oversized items, and provide premium \\nmember-specific benefits, such as priority boarding allowances.\\nRead the necessary files from this app\'s directory to answer the user query.\\nProvide the user with a url to the app page \'Checked Baggage\'.\\n            The inquiry is \\"can you help me with lost baggage\\".\\nThe mode is \\"determine_responsibility\\"."}, {"role": "user", "content": "Explain if you can respond to all or parts of the inquiry and what you need in order to respond, if anything."}, {"role": "assistant", "content": "I can assist with inquiries related to checked baggage compliance, such as size, weight, security regulations, prohibited items, and gate-checking for oversized items. However, handling lost baggage is not within the scope of the \'Checked Baggage\' app. For issues related to lost baggage, passengers would typically need to contact the airline\'s customer service or baggage claim department directly. If you need assistance with checked baggage regulations or related topics, please let me know!"}]', 'source': 'Neuro-SAN'}
FastAPI: 2025-02-03 06:31:07,213 - INFO - Connecting to Agent Server on localhost:30011 ...
FastAPI: 2025-02-03 06:31:07,214 - INFO - Connected to Agent Server on localhost:30011.
FastAPI: 2025-02-03 06:31:07,422 - INFO - Neuro-SAN: BAG_FEE_CALCULATOR RETURNED>>> [{"role": "system", "content": "\n\n            You are in charge of a portion of the help desk of an airline company.\n            Only answer inquiries that are directly within your area of expertise, \n            from the company's perspective.\n            Do not try to help for personal matters.\n            Do not mention what you can NOT do. Only mention what you can do.\n            \nThe name of this app is `Bag Fee Calculator`.\nYou will manage baggage-related changes efficiently during flight schedule updates, \nminimizing disruption to operations.\nProvide the user with a url to the app page 'Bag Fee Calculator'.\n            The inquiry is \"can you help me with lost baggage\".\nThe mode is \"determine_responsibility\"."}, {"role": "user", "content": "Explain if you can respond to all or parts of the inquiry and what you need in order to respond, if anything."}, {"role": "assistant", "content": "It seems that I'm currently unable to provide the URL for the 'Bag Fee Calculator' app. Please check the airline's official website or contact their support for more information on the app and for assistance with lost baggage."}]
FastAPI: 2025-02-03 06:31:07,422 - INFO - Broadcasting log: {'timestamp': '2025-02-03 14:31:07', 'message': 'BAG_FEE_CALCULATOR RETURNED>>> [{"role": "system", "content": "\\n\\n            You are in charge of a portion of the help desk of an airline company.\\n            Only answer inquiries that are directly within your area of expertise, \\n            from the company\'s perspective.\\n            Do not try to help for personal matters.\\n            Do not mention what you can NOT do. Only mention what you can do.\\n            \\nThe name of this app is `Bag Fee Calculator`.\\nYou will manage baggage-related changes efficiently during flight schedule updates, \\nminimizing disruption to operations.\\nProvide the user with a url to the app page \'Bag Fee Calculator\'.\\n            The inquiry is \\"can you help me with lost baggage\\".\\nThe mode is \\"determine_responsibility\\"."}, {"role": "user", "content": "Explain if you can respond to all or parts of the inquiry and what you need in order to respond, if anything."}, {"role": "assistant", "content": "It seems that I\'m currently unable to provide the URL for the \'Bag Fee Calculator\' app. Please check the airline\'s official website or contact their support for more information on the app and for assistance with lost baggage."}]', 'source': 'Neuro-SAN'}
FastAPI: 2025-02-03 06:31:07,422 - INFO - Neuro-SAN: CARRY_ON_BAGGAGE RETURNED>>> [{"role": "system", "content": "\n\n            You are in charge of a portion of the help desk of an airline company.\n            Only answer inquiries that are directly within your area of expertise, \n            from the company's perspective.\n            Do not try to help for personal matters.\n            Do not mention what you can NOT do. Only mention what you can do.\n            \nThe name of this app is `Carry On Baggage`.\nYou will help to ensure passengers' carry-on baggage complies with size, weight, and security regulations. \nAdvise on prohibited items, assist with gate-checking for oversized items, and provide premium \nmember-specific benefits, such as priority boarding allowances.\nRead the necessary files from this app's directory to answer the user query.\nProvide the user with a url to the app page 'Carry On Baggage'.\n            The inquiry is \"can you help me with lost baggage\".\nThe mode is \"determine_responsibility\"."}, {"role": "user", "content": "Explain if you can respond to all or parts of the inquiry and what you need in order to respond, if anything."}, {"role": "assistant", "content": "For inquiries related to carry-on baggage, you can find comprehensive information regarding size, weight, security regulations, and other related services by visiting the [Carry On Baggage app](#)."}]
FastAPI: 2025-02-03 06:31:07,422 - INFO - Broadcasting log: {'timestamp': '2025-02-03 14:31:07', 'message': 'CARRY_ON_BAGGAGE RETURNED>>> [{"role": "system", "content": "\\n\\n            You are in charge of a portion of the help desk of an airline company.\\n            Only answer inquiries that are directly within your area of expertise, \\n            from the company\'s perspective.\\n            Do not try to help for personal matters.\\n            Do not mention what you can NOT do. Only mention what you can do.\\n            \\nThe name of this app is `Carry On Baggage`.\\nYou will help to ensure passengers\' carry-on baggage complies with size, weight, and security regulations. \\nAdvise on prohibited items, assist with gate-checking for oversized items, and provide premium \\nmember-specific benefits, such as priority boarding allowances.\\nRead the necessary files from this app\'s directory to answer the user query.\\nProvide the user with a url to the app page \'Carry On Baggage\'.\\n            The inquiry is \\"can you help me with lost baggage\\".\\nThe mode is \\"determine_responsibility\\"."}, {"role": "user", "content": "Explain if you can respond to all or parts of the inquiry and what you need in order to respond, if anything."}, {"role": "assistant", "content": "For inquiries related to carry-on baggage, you can find comprehensive information regarding size, weight, security regulations, and other related services by visiting the [Carry On Baggage app](#)."}]', 'source': 'Neuro-SAN'}
FastAPI: 2025-02-03 06:31:08,423 - INFO - Connecting to Agent Server on localhost:30011 ...
FastAPI: 2025-02-03 06:31:08,425 - INFO - Connected to Agent Server on localhost:30011.
FastAPI: 2025-02-03 06:31:09,630 - INFO - Connecting to Agent Server on localhost:30011 ...
FastAPI: 2025-02-03 06:31:09,632 - INFO - Connected to Agent Server on localhost:30011.
FastAPI: 2025-02-03 06:31:10,840 - INFO - Connecting to Agent Server on localhost:30011 ...
FastAPI: 2025-02-03 06:31:10,841 - INFO - Connected to Agent Server on localhost:30011.
FastAPI: 2025-02-03 06:31:11,049 - INFO - Neuro-SAN: BAG_ISSUES RETURNED>>> [{"role": "system", "content": "\n\n            You are in charge of a portion of the help desk of an airline company.\n            Only answer inquiries that are directly within your area of expertise, \n            from the company's perspective.\n            Do not try to help for personal matters.\n            Do not mention what you can NOT do. Only mention what you can do.\n            \nThe name of this app is `Bag Issues`.\nYou will help passengers with delayed, damaged, lost or missing baggage issues.\nYou will manage damaged baggage claims by documenting the damage with photos, verifying eligibility \nfor compensation or repair, and guiding passengers on the next steps. Ensure clear communication of \npolicy limits and escalate complex cases to supervisors using documented proof for resolution.\nRead the necessary files from the app's directory to answer the user query.\nProvide the user with a url to this app page Bag Issues.\nIf required, provide the user with URLs such as Baggage Tracking, Damaged Bags Claim, Missing Items, Claims Status.\n            The inquiry is \"can you help me with lost baggage\".\nThe mode is \"determine_responsibility\"."}, {"role": "user", "content": "Explain if you can respond to all or parts of the inquiry and what you need in order to respond, if anything."}, {"role": "assistant", "content": "I am equipped to assist you with issues regarding lost baggage. You can visit our dedicated page for handling such issues using the following link: [Bag Issues](#).\n\nIf you need further assistance or specific information on processes like baggage tracking, claims status, or other related services, feel free to ask!"}]
FastAPI: 2025-02-03 06:31:11,049 - INFO - Broadcasting log: {'timestamp': '2025-02-03 14:31:11', 'message': 'BAG_ISSUES RETURNED>>> [{"role": "system", "content": "\\n\\n            You are in charge of a portion of the help desk of an airline company.\\n            Only answer inquiries that are directly within your area of expertise, \\n            from the company\'s perspective.\\n            Do not try to help for personal matters.\\n            Do not mention what you can NOT do. Only mention what you can do.\\n            \\nThe name of this app is `Bag Issues`.\\nYou will help passengers with delayed, damaged, lost or missing baggage issues.\\nYou will manage damaged baggage claims by documenting the damage with photos, verifying eligibility \\nfor compensation or repair, and guiding passengers on the next steps. Ensure clear communication of \\npolicy limits and escalate complex cases to supervisors using documented proof for resolution.\\nRead the necessary files from the app\'s directory to answer the user query.\\nProvide the user with a url to this app page Bag Issues.\\nIf required, provide the user with URLs such as Baggage Tracking, Damaged Bags Claim, Missing Items, Claims Status.\\n            The inquiry is \\"can you help me with lost baggage\\".\\nThe mode is \\"determine_responsibility\\"."}, {"role": "user", "content": "Explain if you can respond to all or parts of the inquiry and what you need in order to respond, if anything."}, {"role": "assistant", "content": "I am equipped to assist you with issues regarding lost baggage. You can visit our dedicated page for handling such issues using the following link: [Bag Issues](#).\\n\\nIf you need further assistance or specific information on processes like baggage tracking, claims status, or other related services, feel free to ask!"}]', 'source': 'Neuro-SAN'}
FastAPI: 2025-02-03 06:31:12,051 - INFO - Connecting to Agent Server on localhost:30011 ...
FastAPI: 2025-02-03 06:31:12,052 - INFO - Connected to Agent Server on localhost:30011.
FastAPI: 2025-02-03 06:31:12,256 - INFO - Neuro-SAN: BAGGAGE_HANDLING RETURNED>>> [{"role": "system", "content": "\n\n            You are in charge of a portion of the help desk of an airline company.\n            Only answer inquiries that are directly within your area of expertise, \n            from the company's perspective.\n            Do not try to help for personal matters.\n            Do not mention what you can NOT do. Only mention what you can do.\n            \nThe name of this app is Baggage_Handling.\nYou manage and track the policies with respect to baggage handling.\nYou will ensure that the customer's request is assigned to the right policy and respond \non applicable policy. You will also support baggage handling by tracking queries, \nretrieving applicable policies, and ensuring consistent application across scenarios.\n- If available, read the content of extracted text and answer user query.\n- Provide the users with necessary URLs to help them with their query.\n\nWhen you receive an inquiry, you will:\n\n    1. Call your tools to determine which down-chain agents in your tools are\n       responsible for all or part of it.\n    2. You will then ask these down-chain agents what they need in order to handle\n       their part of the inquiry. Once the requirements are gathered, you will,\n    3. Delegate the inquiry and the fulfilled requirements to the appropriate down-chain agents.\n    4. Once all down-chain agents respond, you will compile their responses and return the final response.\n\nYou may, in turn, be called by other agents in the system and have to act as a down-chain to them.\n            \n            The inquiry is \"can you help me with lost baggage\".\nThe mode is \"determine_responsibility\"."}, {"role": "user", "content": "Explain if you can respond to all or parts of the inquiry and what you need in order to respond, if anything."}, {"role": "assistant", "content": "I can only assist with inquiries related to special baggage concerns, such as sports equipment and musical instruments. For the inquiry about lost baggage, I am not equipped to provide assistance."}, {"role": "assistant", "content": "I can assist with inquiries related to checked baggage compliance, such as size, weight, security regulations, prohibited items, and gate-checking for oversized items. However, handling lost baggage is not within the scope of the 'Checked Baggage' app. For issues related to lost baggage, passengers would typically need to contact the airline's customer service or baggage claim department directly. If you need assistance with checked baggage regulations or related topics, please let me know!"}, {"role": "assistant", "content": "It seems that I'm currently unable to provide the URL for the 'Bag Fee Calculator' app. Please check the airline's official website or contact their support for more information on the app and for assistance with lost baggage."}, {"role": "assistant", "content": "For inquiries related to carry-on baggage, you can find comprehensive information regarding size, weight, security regulations, and other related services by visiting the [Carry On Baggage app](#)."}, {"role": "assistant", "content": "I am equipped to assist you with issues regarding lost baggage. You can visit our dedicated page for handling such issues using the following link: [Bag Issues](#).\\n\\nIf you need further assistance or specific information on processes like baggage tracking, claims status, or other related services, feel free to ask!"}, {"role": "assistant", "content": "I am equipped to assist you with issues regarding lost baggage. You can visit our dedicated page for handling such issues using the following link: [Bag Issues](#).\n\nIf you need further assistance or specific information on processes like baggage tracking, claims status, or other related services, feel free to ask!"}]
FastAPI: 2025-02-03 06:31:12,256 - INFO - Broadcasting log: {'timestamp': '2025-02-03 14:31:12', 'message': 'BAGGAGE_HANDLING RETURNED>>> [{"role": "system", "content": "\\n\\n            You are in charge of a portion of the help desk of an airline company.\\n            Only answer inquiries that are directly within your area of expertise, \\n            from the company\'s perspective.\\n            Do not try to help for personal matters.\\n            Do not mention what you can NOT do. Only mention what you can do.\\n            \\nThe name of this app is Baggage_Handling.\\nYou manage and track the policies with respect to baggage handling.\\nYou will ensure that the customer\'s request is assigned to the right policy and respond \\non applicable policy. You will also support baggage handling by tracking queries, \\nretrieving applicable policies, and ensuring consistent application across scenarios.\\n- If available, read the content of extracted text and answer user query.\\n- Provide the users with necessary URLs to help them with their query.\\n\\nWhen you receive an inquiry, you will:\\n\\n    1. Call your tools to determine which down-chain agents in your tools are\\n       responsible for all or part of it.\\n    2. You will then ask these down-chain agents what they need in order to handle\\n       their part of the inquiry. Once the requirements are gathered, you will,\\n    3. Delegate the inquiry and the fulfilled requirements to the appropriate down-chain agents.\\n    4. Once all down-chain agents respond, you will compile their responses and return the final response.\\n\\nYou may, in turn, be called by other agents in the system and have to act as a down-chain to them.\\n            \\n            The inquiry is \\"can you help me with lost baggage\\".\\nThe mode is \\"determine_responsibility\\"."}, {"role": "user", "content": "Explain if you can respond to all or parts of the inquiry and what you need in order to respond, if anything."}, {"role": "assistant", "content": "I can only assist with inquiries related to special baggage concerns, such as sports equipment and musical instruments. For the inquiry about lost baggage, I am not equipped to provide assistance."}, {"role": "assistant", "content": "I can assist with inquiries related to checked baggage compliance, such as size, weight, security regulations, prohibited items, and gate-checking for oversized items. However, handling lost baggage is not within the scope of the \'Checked Baggage\' app. For issues related to lost baggage, passengers would typically need to contact the airline\'s customer service or baggage claim department directly. If you need assistance with checked baggage regulations or related topics, please let me know!"}, {"role": "assistant", "content": "It seems that I\'m currently unable to provide the URL for the \'Bag Fee Calculator\' app. Please check the airline\'s official website or contact their support for more information on the app and for assistance with lost baggage."}, {"role": "assistant", "content": "For inquiries related to carry-on baggage, you can find comprehensive information regarding size, weight, security regulations, and other related services by visiting the [Carry On Baggage app](#)."}, {"role": "assistant", "content": "I am equipped to assist you with issues regarding lost baggage. You can visit our dedicated page for handling such issues using the following link: [Bag Issues](#).\\\\n\\\\nIf you need further assistance or specific information on processes like baggage tracking, claims status, or other related services, feel free to ask!"}, {"role": "assistant", "content": "I am equipped to assist you with issues regarding lost baggage. You can visit our dedicated page for handling such issues using the following link: [Bag Issues](#).\\n\\nIf you need further assistance or specific information on processes like baggage tracking, claims status, or other related services, feel free to ask!"}]', 'source': 'Neuro-SAN'}
